Using pre-set license
Built from '2021.3/staging' branch; Version is '2021.3.10f1 (1c7d0df0160b) revision 1867021'; Using compiler version '192829333'; Build Type 'Release'
OS: 'Windows 11  (10.0.22631) 64bit Professional' Language: 'en' Physical Memory: 32689 MB
BatchMode: 1, IsHumanControllingUs: 0, StartBugReporterOnCrash: 0, Is64bit: 1, IsPro: 1

COMMAND LINE ARGUMENTS:
C:\Program Files\Unity\Hub\Editor\2021.3.10f1\Editor\Unity.exe
-adb2
-batchMode
-noUpm
-name
AssetImportWorker0
-projectPath
C:/Users/fosok/OneDrive/Desktop/OnTarget/Racer
-logFile
Logs/AssetImportWorker0.log
-srvPort
52559
Successfully changed project path to: C:/Users/fosok/OneDrive/Desktop/OnTarget/Racer
C:/Users/fosok/OneDrive/Desktop/OnTarget/Racer
[UnityMemory] Configuration Parameters - Can be set up in boot.config
    "memorysetup-bucket-allocator-granularity=16"
    "memorysetup-bucket-allocator-bucket-count=8"
    "memorysetup-bucket-allocator-block-size=33554432"
    "memorysetup-bucket-allocator-block-count=8"
    "memorysetup-main-allocator-block-size=16777216"
    "memorysetup-thread-allocator-block-size=16777216"
    "memorysetup-gfx-main-allocator-block-size=16777216"
    "memorysetup-gfx-thread-allocator-block-size=16777216"
    "memorysetup-cache-allocator-block-size=4194304"
    "memorysetup-typetree-allocator-block-size=2097152"
    "memorysetup-profiler-bucket-allocator-granularity=16"
    "memorysetup-profiler-bucket-allocator-bucket-count=8"
    "memorysetup-profiler-bucket-allocator-block-size=33554432"
    "memorysetup-profiler-bucket-allocator-block-count=8"
    "memorysetup-profiler-allocator-block-size=16777216"
    "memorysetup-profiler-editor-allocator-block-size=1048576"
    "memorysetup-temp-allocator-size-main=16777216"
    "memorysetup-job-temp-allocator-block-size=2097152"
    "memorysetup-job-temp-allocator-block-size-background=1048576"
    "memorysetup-job-temp-allocator-reduction-small-platforms=262144"
    "memorysetup-temp-allocator-size-background-worker=32768"
    "memorysetup-temp-allocator-size-job-worker=262144"
    "memorysetup-temp-allocator-size-preload-manager=33554432"
    "memorysetup-temp-allocator-size-nav-mesh-worker=65536"
    "memorysetup-temp-allocator-size-audio-worker=65536"
    "memorysetup-temp-allocator-size-cloud-worker=32768"
    "memorysetup-temp-allocator-size-gi-baking-worker=262144"
    "memorysetup-temp-allocator-size-gfx=262144"
Refreshing native plugins compatible for Editor in 59.71 ms, found 4 plugins.
Preloading 0 native plugins for Editor in 0.00 ms.
Initialize engine version: 2021.3.10f1 (1c7d0df0160b)
[Subsystems] Discovering subsystems at path C:/Program Files/Unity/Hub/Editor/2021.3.10f1/Editor/Data/Resources/UnitySubsystems
[Subsystems] Discovering subsystems at path C:/Users/fosok/OneDrive/Desktop/OnTarget/Racer/Assets
GfxDevice: creating device client; threaded=0; jobified=0
Direct3D:
    Version:  Direct3D 11.0 [level 11.1]
    Renderer: NVIDIA GeForce RTX 4080 (ID=0x2704)
    Vendor:   NVIDIA
    VRAM:     16064 MB
    Driver:   31.0.15.3742
Initialize mono
Mono path[0] = 'C:/Program Files/Unity/Hub/Editor/2021.3.10f1/Editor/Data/Managed'
Mono path[1] = 'C:/Program Files/Unity/Hub/Editor/2021.3.10f1/Editor/Data/MonoBleedingEdge/lib/mono/unityjit-win32'
Mono config path = 'C:/Program Files/Unity/Hub/Editor/2021.3.10f1/Editor/Data/MonoBleedingEdge/etc'
Using monoOptions --debugger-agent=transport=dt_socket,embedding=1,server=y,suspend=n,address=127.0.0.1:56168
Begin MonoManager ReloadAssembly
Registering precompiled unity dll's ...
Register platform support module: C:/Program Files/Unity/Hub/Editor/2021.3.10f1/Editor/Data/PlaybackEngines/WindowsStandaloneSupport/UnityEditor.WindowsStandalone.Extensions.dll
Registered in 0.003998 seconds.
Native extension for WindowsStandalone target not found
Refreshing native plugins compatible for Editor in 57.83 ms, found 4 plugins.
Preloading 0 native plugins for Editor in 0.00 ms.
Mono: successfully reloaded assembly
- Completed reload, in  0.460 seconds
Domain Reload Profiling:
	ReloadAssembly (461ms)
		BeginReloadAssembly (51ms)
			ExecutionOrderSort (0ms)
			DisableScriptedObjects (0ms)
			BackupInstance (0ms)
			ReleaseScriptingObjects (0ms)
			CreateAndSetChildDomain (1ms)
		EndReloadAssembly (330ms)
			LoadAssemblies (49ms)
			RebuildTransferFunctionScriptingTraits (0ms)
			SetupTypeCache (73ms)
			ReleaseScriptCaches (0ms)
			RebuildScriptCaches (19ms)
			SetupLoadedEditorAssemblies (200ms)
				LogAssemblyErrors (0ms)
				InitializePlatformSupportModulesInManaged (5ms)
				SetLoadedEditorAssemblies (0ms)
				RefreshPlugins (58ms)
				BeforeProcessingInitializeOnLoad (1ms)
				ProcessInitializeOnLoadAttributes (103ms)
				ProcessInitializeOnLoadMethodAttributes (33ms)
				AfterProcessingInitializeOnLoad (0ms)
				EditorAssembliesLoaded (0ms)
			ExecutionOrderSort2 (0ms)
			AwakeInstancesAfterBackupRestoration (0ms)
Platform modules already initialized, skipping
Registering precompiled user dll's ...
Registered in 0.004979 seconds.
Begin MonoManager ReloadAssembly
Symbol file LoadedFromMemory doesn't match image C:\Users\fosok\OneDrive\Desktop\OnTarget\Racer\Library\PackageCache\com.unity.visualscripting@1.7.8\Editor\VisualScripting.Core\Dependencies\YamlDotNet\Unity.VisualScripting.YamlDotNet.dll
Symbol file LoadedFromMemory doesn't match image C:\Users\fosok\OneDrive\Desktop\OnTarget\Racer\Library\PackageCache\com.unity.visualscripting@1.7.8\Editor\VisualScripting.Core\Dependencies\DotNetZip\Unity.VisualScripting.IonicZip.dll
Native extension for WindowsStandalone target not found
Refreshing native plugins compatible for Editor in 56.85 ms, found 4 plugins.
Preloading 0 native plugins for Editor in 0.00 ms.
Mono: successfully reloaded assembly
- Completed reload, in  0.999 seconds
Domain Reload Profiling:
	ReloadAssembly (999ms)
		BeginReloadAssembly (87ms)
			ExecutionOrderSort (0ms)
			DisableScriptedObjects (5ms)
			BackupInstance (0ms)
			ReleaseScriptingObjects (0ms)
			CreateAndSetChildDomain (16ms)
		EndReloadAssembly (828ms)
			LoadAssemblies (67ms)
			RebuildTransferFunctionScriptingTraits (0ms)
			SetupTypeCache (319ms)
			ReleaseScriptCaches (1ms)
			RebuildScriptCaches (37ms)
			SetupLoadedEditorAssemblies (364ms)
				LogAssemblyErrors (0ms)
				InitializePlatformSupportModulesInManaged (3ms)
				SetLoadedEditorAssemblies (0ms)
				RefreshPlugins (57ms)
				BeforeProcessingInitializeOnLoad (69ms)
				ProcessInitializeOnLoadAttributes (206ms)
				ProcessInitializeOnLoadMethodAttributes (22ms)
				AfterProcessingInitializeOnLoad (7ms)
				EditorAssembliesLoaded (0ms)
			ExecutionOrderSort2 (0ms)
			AwakeInstancesAfterBackupRestoration (6ms)
Platform modules already initialized, skipping
========================================================================
Worker process is ready to serve import requests
Launched and connected shader compiler UnityShaderCompiler.exe after 0.07 seconds
Refreshing native plugins compatible for Editor in 0.85 ms, found 4 plugins.
Preloading 0 native plugins for Editor in 0.00 ms.
Unloading 3486 Unused Serialized files (Serialized files now loaded: 0)
Unloading 31 unused Assets / (0.6 MB). Loaded Objects now: 3942.
Memory consumption went from 123.8 MB to 123.2 MB.
Total: 5.153800 ms (FindLiveObjects: 0.440700 ms CreateObjectMapping: 0.103300 ms MarkObjects: 4.185400 ms  DeleteObjects: 0.423300 ms)

AssetImportParameters requested are different than current active one (requested -> active):
  custom:video-decoder-ogg-theora: a1e56fd34408186e4bbccfd4996cb3dc -> 
  custom:container-muxer-webm: aa71ff27fc2769a1b78a27578f13a17b -> 
  custom:container-demuxer-webm: 4f35f7cbe854078d1ac9338744f61a02 -> 
  custom:video-encoder-webm-vp8: eb34c28f22e8b96e1ab97ce403110664 -> 
  custom:video-codec-MediaFoundation-h265: 746d11721c4dcdbdad8f713fa42b33f4 -> 
  custom:audio-encoder-webm-vorbis: bf7c407c2cedff20999df2af8eb42d56 -> 
  custom:framework-win-MediaFoundation: 216162199b28c13a410421893ffa2e32 -> 
  custom:container-demuxer-ogg: 62fdf1f143b41e24485cea50d1cbac27 -> 
  custom:video-decoder-webm-vp8: 9c59270c3fd7afecdb556c50c9e8de78 -> 
  custom:audio-decoder-ogg-vorbis: bf7c407c2cedff20999df2af8eb42d56 -> 
========================================================================
Received Import Request.
  Time since last request: 3154.126955 seconds.
  path: Assets/WorkInProgress/Louis/animation_test_scene.unity
  artifactKey: Guid(6ce28de3f19f89f4ca7b63a800793005) Importer(815301076,1909f56bfc062723c751e8b465ee728b)
Start importing Assets/WorkInProgress/Louis/animation_test_scene.unity using Guid(6ce28de3f19f89f4ca7b63a800793005) Importer(815301076,1909f56bfc062723c751e8b465ee728b)  -> (artifact id: 'e66dbc0007107833247b6a3aa5174d92') in 0.014068 seconds 
========================================================================
Received Import Request.
  Time since last request: 261.588426 seconds.
  path: Assets/WorkInProgress/Louis/animation
  artifactKey: Guid(af9e17822fceabe4f952f05c43bc6c73) Importer(815301076,1909f56bfc062723c751e8b465ee728b)
Start importing Assets/WorkInProgress/Louis/animation using Guid(af9e17822fceabe4f952f05c43bc6c73) Importer(815301076,1909f56bfc062723c751e8b465ee728b)  -> (artifact id: '2bb7e8683c1ab5e87ee7404bcbb3a313') in 0.008327 seconds 
========================================================================
Received Import Request.
  Time since last request: 0.031056 seconds.
  path: Assets/WorkInProgress/Louis/animation/crowd_animation_test.abc
  artifactKey: Guid(9cc0b4551109deb44aa9544414cd6ea4) Importer(815301076,1909f56bfc062723c751e8b465ee728b)
Start importing Assets/WorkInProgress/Louis/animation/crowd_animation_test.abc using Guid(9cc0b4551109deb44aa9544414cd6ea4) Importer(815301076,1909f56bfc062723c751e8b465ee728b)  -> (artifact id: 'c5ef5bd57c73afaa09c4ba76102312c2') in 0.126637 seconds 
========================================================================
Received Import Request.
  Time since last request: 0.000019 seconds.
  path: Assets/WorkInProgress/Louis/animation/crowd_normal_01Timeline.playable
  artifactKey: Guid(c2fca6c8a0ef9e444b8b3bbc190e772f) Importer(815301076,1909f56bfc062723c751e8b465ee728b)
Start importing Assets/WorkInProgress/Louis/animation/crowd_normal_01Timeline.playable using Guid(c2fca6c8a0ef9e444b8b3bbc190e772f) Importer(815301076,1909f56bfc062723c751e8b465ee728b)  -> (artifact id: '5283918a0a649a3cb8e3002e29a3bedd') in 0.009667 seconds 
========================================================================
Received Import Request.
  Time since last request: 0.000024 seconds.
  path: Assets/WorkInProgress/Louis/animation/MASH2_ReproMeshShapeTimeline.playable
  artifactKey: Guid(da2464ca365d07e4a888fb2645b3defa) Importer(815301076,1909f56bfc062723c751e8b465ee728b)
Start importing Assets/WorkInProgress/Louis/animation/MASH2_ReproMeshShapeTimeline.playable using Guid(da2464ca365d07e4a888fb2645b3defa) Importer(815301076,1909f56bfc062723c751e8b465ee728b)  -> (artifact id: '13a2ea640193ee05a5ea4114cf3196cc') in 0.006886 seconds 
========================================================================
Received Import Request.
  Time since last request: 0.000017 seconds.
  path: Assets/WorkInProgress/Louis/animation/crowd_normal_01.abc
  artifactKey: Guid(76be9698d6e1a7145bb1f2b7e6729dfe) Importer(815301076,1909f56bfc062723c751e8b465ee728b)
Start importing Assets/WorkInProgress/Louis/animation/crowd_normal_01.abc using Guid(76be9698d6e1a7145bb1f2b7e6729dfe) Importer(815301076,1909f56bfc062723c751e8b465ee728b)  -> (artifact id: 'fdeb74125a9b16a67493a201867c2076') in 0.044332 seconds 
========================================================================
Received Import Request.
  Time since last request: 104.598090 seconds.
  path: Assets/WorkInProgress/Louis/animation/crowd_animation_testTimeline.playable
  artifactKey: Guid(b4012fc3be8585d4f97128aab47df9c9) Importer(815301076,1909f56bfc062723c751e8b465ee728b)
Start importing Assets/WorkInProgress/Louis/animation/crowd_animation_testTimeline.playable using Guid(b4012fc3be8585d4f97128aab47df9c9) Importer(815301076,1909f56bfc062723c751e8b465ee728b)  -> (artifact id: '94934ab55987a3826b8a03e6e28f49ba') in 0.007703 seconds 
